2014-09-14 23:28:03,360 - Log4JLogChute initialized using file 'velocity.log'
2014-09-14 23:28:03,360 - Velocity was not initialized! Calling init()...
2014-09-14 23:28:03,360 - Starting Apache Velocity v1.5 (compiled: 2007-02-22 08:52:29)
2014-09-14 23:28:03,361 - Default Properties File: org/apache/velocity/runtime/defaults/velocity.properties
2014-09-14 23:28:03,361 - Trying to use logger class org.apache.velocity.runtime.log.AvalonLogChute
2014-09-14 23:28:03,364 - Couldn't find class org.apache.velocity.runtime.log.AvalonLogChute or necessary supporting classes in classpath.
java.lang.NoClassDefFoundError: org/apache/log/format/Formatter
	at java.lang.Class.forName0(Native Method)
	at java.lang.Class.forName(Class.java:340)
	at org.apache.velocity.util.ClassUtils.getClass(ClassUtils.java:63)
	at org.apache.velocity.util.ClassUtils.getNewInstance(ClassUtils.java:95)
	at org.apache.velocity.runtime.log.LogManager.createLogChute(LogManager.java:147)
	at org.apache.velocity.runtime.log.LogManager.updateLog(LogManager.java:208)
	at org.apache.velocity.runtime.RuntimeInstance.initializeLog(RuntimeInstance.java:728)
	at org.apache.velocity.runtime.RuntimeInstance.init(RuntimeInstance.java:240)
	at org.apache.velocity.runtime.RuntimeInstance.parse(RuntimeInstance.java:993)
	at org.apache.velocity.runtime.RuntimeInstance.parse(RuntimeInstance.java:972)
	at org.apache.velocity.runtime.RuntimeSingleton.parse(RuntimeSingleton.java:265)
	at org.apache.velocity.app.Velocity.evaluate(Velocity.java:274)
	at org.sonatype.mavenbook.weather.WeatherFormatter.format(WeatherFormatter.java:23)
	at org.sonatype.mavenbook.weather.Main.start(Main.java:39)
	at org.sonatype.mavenbook.weather.Main.main(Main.java:22)
	at sun.reflect.NativeMethodAccessorImpl.invoke0(Native Method)
	at sun.reflect.NativeMethodAccessorImpl.invoke(NativeMethodAccessorImpl.java:62)
	at sun.reflect.DelegatingMethodAccessorImpl.invoke(DelegatingMethodAccessorImpl.java:43)
	at java.lang.reflect.Method.invoke(Method.java:483)
	at org.codehaus.mojo.exec.ExecJavaMojo$1.run(ExecJavaMojo.java:293)
	at java.lang.Thread.run(Thread.java:745)
Caused by: java.lang.ClassNotFoundException: org.apache.log.format.Formatter
	at java.net.URLClassLoader$1.run(URLClassLoader.java:372)
	at java.net.URLClassLoader$1.run(URLClassLoader.java:361)
	at java.security.AccessController.doPrivileged(Native Method)
	at java.net.URLClassLoader.findClass(URLClassLoader.java:360)
	at java.lang.ClassLoader.loadClass(ClassLoader.java:424)
	at java.lang.ClassLoader.loadClass(ClassLoader.java:357)
	... 21 more
2014-09-14 23:28:03,365 - Trying to use logger class org.apache.velocity.runtime.log.Log4JLogChute
2014-09-14 23:28:03,365 - Using logger class org.apache.velocity.runtime.log.Log4JLogChute
2014-09-14 23:28:03,372 - Default ResourceManager initializing. (class org.apache.velocity.runtime.resource.ResourceManagerImpl)
2014-09-14 23:28:03,375 - ResourceLoader instantiated: org.apache.velocity.runtime.resource.loader.FileResourceLoader
2014-09-14 23:28:03,375 - Do unicode file recognition:  false
2014-09-14 23:28:03,376 - FileResourceLoader : adding path '.'
2014-09-14 23:28:03,418 - ResourceCache: initialized (class org.apache.velocity.runtime.resource.ResourceCacheImpl)
2014-09-14 23:28:03,419 - Loaded System Directive: org.apache.velocity.runtime.directive.Literal
2014-09-14 23:28:03,420 - Loaded System Directive: org.apache.velocity.runtime.directive.Macro
2014-09-14 23:28:03,421 - Loaded System Directive: org.apache.velocity.runtime.directive.Parse
2014-09-14 23:28:03,422 - Loaded System Directive: org.apache.velocity.runtime.directive.Include
2014-09-14 23:28:03,423 - Loaded System Directive: org.apache.velocity.runtime.directive.Foreach
2014-09-14 23:28:03,449 - Created '20' parsers.
2014-09-14 23:28:03,454 - Velocimacro : "velocimacro.library" is not set.  Trying default library: VM_global_library.vm
2014-09-14 23:28:03,454 - Velocimacro : Default library not found.
2014-09-14 23:28:03,454 - Velocimacro : allowInline = true : VMs can be defined inline in templates
2014-09-14 23:28:03,454 - Velocimacro : allowInlineToOverride = false : VMs defined inline may NOT replace previous VM definitions
2014-09-14 23:28:03,454 - Velocimacro : allowInlineLocal = false : VMs defined inline will be global in scope if allowed.
2014-09-14 23:28:03,454 - Velocimacro : autoload off : VM system will not automatically reload global library macros
